<?xml version="1.0" encoding="UTF-8"?>
<robot generator="Robot 7.0.1 (Python 3.8.5 on win32)" generated="2024-08-06T15:08:26.485222" rpa="false" schemaversion="5">
<suite id="s1" name="TC1" source="C:\Users\56007\PycharmProjects\RobotFrameWork\TestCases\TC1.robot">
<test id="s1-t1" name="LoginTest" line="9">
<kw name="Open Browser" owner="SeleniumLibrary">
<msg time="2024-08-06T15:08:26.824041" level="INFO">Opening browser 'firefox' to base url 'https://demo.nopcommerce.com chrome'.</msg>
<msg time="2024-08-06T15:08:36.145351" level="INFO" html="true">&lt;/td&gt;&lt;/tr&gt;&lt;tr&gt;&lt;td colspan="3"&gt;&lt;a href="selenium-screenshot-1.png"&gt;&lt;img src="selenium-screenshot-1.png" width="800px"&gt;&lt;/a&gt;</msg>
<msg time="2024-08-06T15:08:36.146350" level="FAIL">InvalidArgumentException: Message: Malformed URL: URL constructor: https://demo.nopcommerce.com chrome is not a valid URL.
Stacktrace:
RemoteError@chrome://remote/content/shared/RemoteError.sys.mjs:8:8
WebDriverError@chrome://remote/content/shared/webdriver/Errors.sys.mjs:193:5
InvalidArgumentError@chrome://remote/content/shared/webdriver/Errors.sys.mjs:384:5
GeckoDriver.prototype.navigateTo@chrome://remote/content/marionette/driver.sys.mjs:856:11
</msg>
<arg>${url} ${browser}</arg>
<doc>Opens a new browser instance to the optional ``url``.</doc>
<status status="FAIL" start="2024-08-06T15:08:26.824041" elapsed="9.995159">InvalidArgumentException: Message: Malformed URL: URL constructor: https://demo.nopcommerce.com chrome is not a valid URL.
Stacktrace:
RemoteError@chrome://remote/content/shared/RemoteError.sys.mjs:8:8
WebDriverError@chrome://remote/content/shared/webdriver/Errors.sys.mjs:193:5
InvalidArgumentError@chrome://remote/content/shared/webdriver/Errors.sys.mjs:384:5
GeckoDriver.prototype.navigateTo@chrome://remote/content/marionette/driver.sys.mjs:856:11
</status>
</kw>
<kw name="Maximize Browser Window" owner="SeleniumLibrary">
<doc>Maximizes current browser window.</doc>
<status status="NOT RUN" start="2024-08-06T15:08:36.821151" elapsed="0.000000"/>
</kw>
<kw name="loginToApplication">
<status status="NOT RUN" start="2024-08-06T15:08:36.822144" elapsed="0.000000"/>
</kw>
<kw name="Close Browser" owner="SeleniumLibrary">
<doc>Closes the current browser.</doc>
<status status="NOT RUN" start="2024-08-06T15:08:36.822144" elapsed="0.000998"/>
</kw>
<status status="FAIL" start="2024-08-06T15:08:26.822493" elapsed="10.000649">InvalidArgumentException: Message: Malformed URL: URL constructor: https://demo.nopcommerce.com chrome is not a valid URL.
Stacktrace:
RemoteError@chrome://remote/content/shared/RemoteError.sys.mjs:8:8
WebDriverError@chrome://remote/content/shared/webdriver/Errors.sys.mjs:193:5
InvalidArgumentError@chrome://remote/content/shared/webdriver/Errors.sys.mjs:384:5
GeckoDriver.prototype.navigateTo@chrome://remote/content/marionette/driver.sys.mjs:856:11
</status>
</test>
<status status="FAIL" start="2024-08-06T15:08:26.488215" elapsed="10.337921"/>
</suite>
<statistics>
<total>
<stat pass="0" fail="1" skip="0">All Tests</stat>
</total>
<tag>
</tag>
<suite>
<stat pass="0" fail="1" skip="0" id="s1" name="TC1">TC1</stat>
</suite>
</statistics>
<errors>
</errors>
</robot>
